<?xml version="1.0" encoding="UTF-8"?>
<TestRun id="0152ad77-5272-41a1-91d1-7c5a55a8daaf" name="HEED7262@WL06488 2012-02-17 15:16:07" runUser="SIGMA\HEED7262" xmlns="http://microsoft.com/schemas/VisualStudio/TeamTest/2010">
  <TestSettings name="Default Test Settings" id="849b3a88-bd93-478a-acde-4c9d9627f291">
    <Deployment runDeploymentRoot="HEED7262_WL06488 2012-02-17 15_16_07">
      <DeploymentItem filename="C:\Users\heed7262\Documents\Visual Studio 2010\Projects\MagicStats\MagicStats\bin\MagicStats.dll" />
      <DeploymentItem filename="C:\Users\heed7262\Documents\Visual Studio 2010\Projects\MagicStats\MagicStats.Domain\bin\Debug\MagicStats.Domain.dll" />
    </Deployment>
    <Execution>
      <TestTypeSpecific />
      <AgentRule name="Execution Agents">
      </AgentRule>
    </Execution>
  </TestSettings>
  <Times creation="2012-02-17T15:16:07.4514017+01:00" queuing="2012-02-17T15:16:07.6464017+01:00" start="2012-02-17T15:16:07.6564017+01:00" finish="2012-02-17T15:16:08.1084017+01:00" />
  <ResultSummary outcome="Failed">
    <Counters total="8" executed="8" passed="7" error="0" failed="1" timeout="0" aborted="0" inconclusive="0" passedButRunAborted="0" notRunnable="0" notExecuted="0" disconnected="0" warning="0" completed="0" inProgress="0" pending="0" />
  </ResultSummary>
  <TestDefinitions>
    <UnitTest name="Game_Has_Correct_Life_Total_For_2_Player_Standard_Constructed" storage="c:\users\heed7262\documents\visual studio 2010\projects\magicstats\magicstats.tests\bin\debug\magicstats.tests.dll" id="995a6da8-bc5b-d177-ad51-55fa2203f710">
      <Execution id="fc077867-f0f9-4612-b14e-754b78e7c798" />
      <TestMethod codeBase="C:/Users/heed7262/Documents/Visual Studio 2010/Projects/MagicStats/MagicStats.Tests/bin/Debug/MagicStats.Tests.DLL" adapterTypeName="Microsoft.VisualStudio.TestTools.TestTypes.Unit.UnitTestAdapter, Microsoft.VisualStudio.QualityTools.Tips.UnitTest.Adapter, Version=10.0.0.0, Culture=neutral, PublicKeyToken=b03f5f7f11d50a3a" className="MagicStats.Tests.GameTest, MagicStats.Tests, Version=1.0.0.0, Culture=neutral, PublicKeyToken=null" name="Game_Has_Correct_Life_Total_For_2_Player_Standard_Constructed" />
    </UnitTest>
    <UnitTest name="Can_Add_Game_Stat_To_Player" storage="c:\users\heed7262\documents\visual studio 2010\projects\magicstats\magicstats.tests\bin\debug\magicstats.tests.dll" id="918fa2a7-63f1-d175-b5fd-bc1dab50cc09">
      <Execution id="e283f70b-da7e-4aaa-b93c-04b9254651fc" />
      <TestMethod codeBase="C:/Users/heed7262/Documents/Visual Studio 2010/Projects/MagicStats/MagicStats.Tests/bin/Debug/MagicStats.Tests.DLL" adapterTypeName="Microsoft.VisualStudio.TestTools.TestTypes.Unit.UnitTestAdapter, Microsoft.VisualStudio.QualityTools.Tips.UnitTest.Adapter, Version=10.0.0.0, Culture=neutral, PublicKeyToken=b03f5f7f11d50a3a" className="MagicStats.Tests.PlayerTests, MagicStats.Tests, Version=1.0.0.0, Culture=neutral, PublicKeyToken=null" name="Can_Add_Game_Stat_To_Player" />
    </UnitTest>
    <UnitTest name="About" storage="c:\users\heed7262\documents\visual studio 2010\projects\magicstats\magicstats.tests\bin\debug\magicstats.tests.dll" id="e48bef65-9046-abbb-fbbb-7a339bcf5492">
      <Execution id="06b28cb6-8fba-4088-a6f3-bfa61eb5d391" />
      <TestMethod codeBase="C:/Users/heed7262/Documents/Visual Studio 2010/Projects/MagicStats/MagicStats.Tests/bin/Debug/MagicStats.Tests.DLL" adapterTypeName="Microsoft.VisualStudio.TestTools.TestTypes.Unit.UnitTestAdapter, Microsoft.VisualStudio.QualityTools.Tips.UnitTest.Adapter, Version=10.0.0.0, Culture=neutral, PublicKeyToken=b03f5f7f11d50a3a" className="MagicStats.Tests.Controllers.HomeControllerTest, MagicStats.Tests, Version=1.0.0.0, Culture=neutral, PublicKeyToken=null" name="About" />
    </UnitTest>
    <UnitTest name="TestMethod1" storage="c:\users\heed7262\documents\visual studio 2010\projects\magicstats\magicstats.tests\bin\debug\magicstats.tests.dll" id="ca4c2b03-185e-16d6-faf9-5edcdc5f3ae1">
      <Execution id="72875d6d-9c78-4ec4-9498-6c17839c767a" />
      <TestMethod codeBase="C:/Users/heed7262/Documents/Visual Studio 2010/Projects/MagicStats/MagicStats.Tests/bin/Debug/MagicStats.Tests.DLL" adapterTypeName="Microsoft.VisualStudio.TestTools.TestTypes.Unit.UnitTestAdapter, Microsoft.VisualStudio.QualityTools.Tips.UnitTest.Adapter, Version=10.0.0.0, Culture=neutral, PublicKeyToken=b03f5f7f11d50a3a" className="MagicStats.Tests.GameResultTests, MagicStats.Tests, Version=1.0.0.0, Culture=neutral, PublicKeyToken=null" name="TestMethod1" />
    </UnitTest>
    <UnitTest name="Index" storage="c:\users\heed7262\documents\visual studio 2010\projects\magicstats\magicstats.tests\bin\debug\magicstats.tests.dll" id="a6777458-a466-479f-6810-34b2fc87d1e2">
      <Execution id="4f4d8225-e935-4385-8599-668d455b6c15" />
      <TestMethod codeBase="C:/Users/heed7262/Documents/Visual Studio 2010/Projects/MagicStats/MagicStats.Tests/bin/Debug/MagicStats.Tests.DLL" adapterTypeName="Microsoft.VisualStudio.TestTools.TestTypes.Unit.UnitTestAdapter, Microsoft.VisualStudio.QualityTools.Tips.UnitTest.Adapter, Version=10.0.0.0, Culture=neutral, PublicKeyToken=b03f5f7f11d50a3a" className="MagicStats.Tests.Controllers.HomeControllerTest, MagicStats.Tests, Version=1.0.0.0, Culture=neutral, PublicKeyToken=null" name="Index" />
    </UnitTest>
    <UnitTest name="Can_assign_UserName_To_New_Player" storage="c:\users\heed7262\documents\visual studio 2010\projects\magicstats\magicstats.tests\bin\debug\magicstats.tests.dll" id="edbb2b52-ce4a-eed1-df53-e80db12ad8b6">
      <Execution id="d46140ab-7e18-4394-baa4-41736fa1cf54" />
      <TestMethod codeBase="C:/Users/heed7262/Documents/Visual Studio 2010/Projects/MagicStats/MagicStats.Tests/bin/Debug/MagicStats.Tests.DLL" adapterTypeName="Microsoft.VisualStudio.TestTools.TestTypes.Unit.UnitTestAdapter, Microsoft.VisualStudio.QualityTools.Tips.UnitTest.Adapter, Version=10.0.0.0, Culture=neutral, PublicKeyToken=b03f5f7f11d50a3a" className="MagicStats.Tests.PlayerTests, MagicStats.Tests, Version=1.0.0.0, Culture=neutral, PublicKeyToken=null" name="Can_assign_UserName_To_New_Player" />
    </UnitTest>
    <UnitTest name="Can_Assign_User_Name_To_New_Player" storage="c:\users\heed7262\documents\visual studio 2010\projects\magicstats\magicstats.tests\bin\debug\magicstats.tests.dll" id="b486a69e-6179-7c75-528b-840c6ce57f13">
      <Execution id="3a8d9510-a1ef-4a91-941d-b979dce9ede0" />
      <TestMethod codeBase="C:/Users/heed7262/Documents/Visual Studio 2010/Projects/MagicStats/MagicStats.Tests/bin/Debug/MagicStats.Tests.DLL" adapterTypeName="Microsoft.VisualStudio.TestTools.TestTypes.Unit.UnitTestAdapter, Microsoft.VisualStudio.QualityTools.Tips.UnitTest.Adapter, Version=10.0.0.0, Culture=neutral, PublicKeyToken=b03f5f7f11d50a3a" className="MagicStats.Tests.PlayerTests, MagicStats.Tests, Version=1.0.0.0, Culture=neutral, PublicKeyToken=null" name="Can_Assign_User_Name_To_New_Player" />
    </UnitTest>
    <UnitTest name="Game_Has_Correct_Number_Of_Players_For_Standard_Type_Game" storage="c:\users\heed7262\documents\visual studio 2010\projects\magicstats\magicstats.tests\bin\debug\magicstats.tests.dll" id="eb46ea1d-1ad7-4b89-19ea-57a3801beca2">
      <Execution id="b7681401-85df-4365-b013-18ddb6abb64a" />
      <TestMethod codeBase="C:/Users/heed7262/Documents/Visual Studio 2010/Projects/MagicStats/MagicStats.Tests/bin/Debug/MagicStats.Tests.DLL" adapterTypeName="Microsoft.VisualStudio.TestTools.TestTypes.Unit.UnitTestAdapter, Microsoft.VisualStudio.QualityTools.Tips.UnitTest.Adapter, Version=10.0.0.0, Culture=neutral, PublicKeyToken=b03f5f7f11d50a3a" className="MagicStats.Tests.GameTest, MagicStats.Tests, Version=1.0.0.0, Culture=neutral, PublicKeyToken=null" name="Game_Has_Correct_Number_Of_Players_For_Standard_Type_Game" />
    </UnitTest>
  </TestDefinitions>
  <TestLists>
    <TestList name="Results Not in a List" id="8c84fa94-04c1-424b-9868-57a2d4851a1d" />
    <TestList name="All Loaded Results" id="19431567-8539-422a-85d7-44ee4e166bda" />
  </TestLists>
  <TestEntries>
    <TestEntry testId="918fa2a7-63f1-d175-b5fd-bc1dab50cc09" executionId="e283f70b-da7e-4aaa-b93c-04b9254651fc" testListId="8c84fa94-04c1-424b-9868-57a2d4851a1d" />
    <TestEntry testId="995a6da8-bc5b-d177-ad51-55fa2203f710" executionId="fc077867-f0f9-4612-b14e-754b78e7c798" testListId="8c84fa94-04c1-424b-9868-57a2d4851a1d" />
    <TestEntry testId="a6777458-a466-479f-6810-34b2fc87d1e2" executionId="4f4d8225-e935-4385-8599-668d455b6c15" testListId="8c84fa94-04c1-424b-9868-57a2d4851a1d" />
    <TestEntry testId="b486a69e-6179-7c75-528b-840c6ce57f13" executionId="3a8d9510-a1ef-4a91-941d-b979dce9ede0" testListId="8c84fa94-04c1-424b-9868-57a2d4851a1d" />
    <TestEntry testId="ca4c2b03-185e-16d6-faf9-5edcdc5f3ae1" executionId="72875d6d-9c78-4ec4-9498-6c17839c767a" testListId="8c84fa94-04c1-424b-9868-57a2d4851a1d" />
    <TestEntry testId="e48bef65-9046-abbb-fbbb-7a339bcf5492" executionId="06b28cb6-8fba-4088-a6f3-bfa61eb5d391" testListId="8c84fa94-04c1-424b-9868-57a2d4851a1d" />
    <TestEntry testId="eb46ea1d-1ad7-4b89-19ea-57a3801beca2" executionId="b7681401-85df-4365-b013-18ddb6abb64a" testListId="8c84fa94-04c1-424b-9868-57a2d4851a1d" />
    <TestEntry testId="edbb2b52-ce4a-eed1-df53-e80db12ad8b6" executionId="d46140ab-7e18-4394-baa4-41736fa1cf54" testListId="8c84fa94-04c1-424b-9868-57a2d4851a1d" />
  </TestEntries>
  <Results>
    <UnitTestResult executionId="e283f70b-da7e-4aaa-b93c-04b9254651fc" testId="918fa2a7-63f1-d175-b5fd-bc1dab50cc09" testName="Can_Add_Game_Stat_To_Player" computerName="WL06488" duration="00:00:00.0187761" startTime="2012-02-17T15:16:07.6594017+01:00" endTime="2012-02-17T15:16:07.9474017+01:00" testType="13cdc9d9-ddb5-4fa4-a97d-d965ccfc6d4b" outcome="Passed" testListId="8c84fa94-04c1-424b-9868-57a2d4851a1d" relativeResultsDirectory="e283f70b-da7e-4aaa-b93c-04b9254651fc">
    </UnitTestResult>
    <UnitTestResult executionId="fc077867-f0f9-4612-b14e-754b78e7c798" testId="995a6da8-bc5b-d177-ad51-55fa2203f710" testName="Game_Has_Correct_Life_Total_For_2_Player_Standard_Constructed" computerName="WL06488" duration="00:00:00.0195502" startTime="2012-02-17T15:16:07.9534017+01:00" endTime="2012-02-17T15:16:07.9784017+01:00" testType="13cdc9d9-ddb5-4fa4-a97d-d965ccfc6d4b" outcome="Failed" testListId="8c84fa94-04c1-424b-9868-57a2d4851a1d" relativeResultsDirectory="fc077867-f0f9-4612-b14e-754b78e7c798">
      <Output>
        <ErrorInfo>
          <Message>Assert.AreEqual failed. Expected:&lt;20&gt;. Actual:&lt;0&gt;. </Message>
          <StackTrace>   at MagicStats.Tests.GameTest.Game_Has_Correct_Life_Total_For_2_Player_Standard_Constructed() in C:\Users\heed7262\Documents\Visual Studio 2010\Projects\MagicStats\MagicStats.Tests\GameTest.cs:line 33
</StackTrace>
        </ErrorInfo>
      </Output>
    </UnitTestResult>
    <UnitTestResult executionId="4f4d8225-e935-4385-8599-668d455b6c15" testId="a6777458-a466-479f-6810-34b2fc87d1e2" testName="Index" computerName="WL06488" duration="00:00:00.0511010" startTime="2012-02-17T15:16:07.9804017+01:00" endTime="2012-02-17T15:16:08.0354017+01:00" testType="13cdc9d9-ddb5-4fa4-a97d-d965ccfc6d4b" outcome="Passed" testListId="8c84fa94-04c1-424b-9868-57a2d4851a1d" relativeResultsDirectory="4f4d8225-e935-4385-8599-668d455b6c15">
    </UnitTestResult>
    <UnitTestResult executionId="3a8d9510-a1ef-4a91-941d-b979dce9ede0" testId="b486a69e-6179-7c75-528b-840c6ce57f13" testName="Can_Assign_User_Name_To_New_Player" computerName="WL06488" duration="00:00:00.0005554" startTime="2012-02-17T15:16:08.0404017+01:00" endTime="2012-02-17T15:16:08.0444017+01:00" testType="13cdc9d9-ddb5-4fa4-a97d-d965ccfc6d4b" outcome="Passed" testListId="8c84fa94-04c1-424b-9868-57a2d4851a1d" relativeResultsDirectory="3a8d9510-a1ef-4a91-941d-b979dce9ede0">
    </UnitTestResult>
    <UnitTestResult executionId="72875d6d-9c78-4ec4-9498-6c17839c767a" testId="ca4c2b03-185e-16d6-faf9-5edcdc5f3ae1" testName="TestMethod1" computerName="WL06488" duration="00:00:00.0002456" startTime="2012-02-17T15:16:08.0484017+01:00" endTime="2012-02-17T15:16:08.0524017+01:00" testType="13cdc9d9-ddb5-4fa4-a97d-d965ccfc6d4b" outcome="Passed" testListId="8c84fa94-04c1-424b-9868-57a2d4851a1d" relativeResultsDirectory="72875d6d-9c78-4ec4-9498-6c17839c767a">
    </UnitTestResult>
    <UnitTestResult executionId="06b28cb6-8fba-4088-a6f3-bfa61eb5d391" testId="e48bef65-9046-abbb-fbbb-7a339bcf5492" testName="About" computerName="WL06488" duration="00:00:00.0003903" startTime="2012-02-17T15:16:08.0544017+01:00" endTime="2012-02-17T15:16:08.0584017+01:00" testType="13cdc9d9-ddb5-4fa4-a97d-d965ccfc6d4b" outcome="Passed" testListId="8c84fa94-04c1-424b-9868-57a2d4851a1d" relativeResultsDirectory="06b28cb6-8fba-4088-a6f3-bfa61eb5d391">
    </UnitTestResult>
    <UnitTestResult executionId="b7681401-85df-4365-b013-18ddb6abb64a" testId="eb46ea1d-1ad7-4b89-19ea-57a3801beca2" testName="Game_Has_Correct_Number_Of_Players_For_Standard_Type_Game" computerName="WL06488" duration="00:00:00.0006228" startTime="2012-02-17T15:16:08.0654017+01:00" endTime="2012-02-17T15:16:08.0704017+01:00" testType="13cdc9d9-ddb5-4fa4-a97d-d965ccfc6d4b" outcome="Passed" testListId="8c84fa94-04c1-424b-9868-57a2d4851a1d" relativeResultsDirectory="b7681401-85df-4365-b013-18ddb6abb64a">
    </UnitTestResult>
    <UnitTestResult executionId="d46140ab-7e18-4394-baa4-41736fa1cf54" testId="edbb2b52-ce4a-eed1-df53-e80db12ad8b6" testName="Can_assign_UserName_To_New_Player" computerName="WL06488" duration="00:00:00.0003822" startTime="2012-02-17T15:16:08.0774017+01:00" endTime="2012-02-17T15:16:08.0894017+01:00" testType="13cdc9d9-ddb5-4fa4-a97d-d965ccfc6d4b" outcome="Passed" testListId="8c84fa94-04c1-424b-9868-57a2d4851a1d" relativeResultsDirectory="d46140ab-7e18-4394-baa4-41736fa1cf54">
    </UnitTestResult>
  </Results>
</TestRun>